
> myapp@0.0.0 prestart /home/ubuntu/WebTech-Navigate
> grunt

[4mRunning "jshint:files" (jshint) task[24m
[32m>> [39m7 files lint free.

[4mRunning "concat:bower_js" (concat) task[24m
File public/javascripts/lib.min.js created.

[4mRunning "concat:bower_css" (concat) task[24m
File public/stylesheets/lib.min.css created.

[4mRunning "uglify:dist" (uglify) task[24m
[32m>> [39m1 sourcemap created.
[32m>> [39m1 file created.

[32mDone, without errors.[39m

> myapp@0.0.0 start /home/ubuntu/WebTech-Navigate
> NODE_ENV=production node ./bin/www

[0mGET /api/profiles [32m200 [0m22.627 ms - 478[0m
[0mGET / [32m200 [0m418.522 ms - 1377[0m
[0mGET /api/websites [32m200 [0m6.278 ms - 3415[0m
[0mGET /stylesheets/themes/default/assets/fonts/icons.woff2 [32m200 [0m3.713 ms - 56780[0m
[0mGET /components/home/index [32m200 [0m33.757 ms - 880[0m
[0mGET /components/about/index [32m200 [0m28.116 ms - 1746[0m
[0mGET / [32m200 [0m0.716 ms - 1377[0m
[0mGET /stylesheets/lib.min.css [32m200 [0m2.282 ms - 520489[0m
[0mGET /javascripts/app.min.js [32m200 [0m1.105 ms - 1428[0m
[0mGET /javascripts/lib.min.js [32m200 [0m1.197 ms - 495641[0m
[0mGET /components/home/index [32m200 [0m0.650 ms - 880[0m
[0mGET /stylesheets/themes/default/assets/fonts/icons.woff2 [36m304 [0m0.683 ms - -[0m
[0mGET /api/websites [36m304 [0m4.493 ms - -[0m
[0mGET /images/icons/mySQL.jpg [36m304 [0m2.021 ms - -[0m
[0mGET /images/icons/mongodb.jpg [36m304 [0m0.239 ms - -[0m
[0mGET /images/icons/lighttpd.png [36m304 [0m0.251 ms - -[0m
[0mGET /images/icons/nginx.png [36m304 [0m1.744 ms - -[0m
[0mGET /images/icons/apache.jpg [36m304 [0m0.239 ms - -[0m
[0mGET /images/icons/angularjs.jpg [36m304 [0m0.334 ms - -[0m
[0mGET /images/icons/bootstrap.jpg [36m304 [0m0.253 ms - -[0m
[0mGET /images/icons/semantic.png [36m304 [0m0.209 ms - -[0m
[0mGET /images/icons/grunt.jpg [36m304 [0m0.260 ms - -[0m
[0mGET /images/icons/git.png [36m304 [0m0.211 ms - -[0m
[0mGET /images/icons/nodejs.png [36m304 [0m0.614 ms - -[0m
[0mGET /images/icons/ror.jpg [36m304 [0m0.602 ms - -[0m
[0mGET /images/icons/webpy.png [36m304 [0m0.233 ms - -[0m
[0mGET /images/icons/django.jpg [36m304 [0m2.036 ms - -[0m
[0mGET /images/profile/{{profile.avatar}} [33m404 [0m26.671 ms - 414[0m

> myapp@0.0.0 prestart /home/ubuntu/WebTech-Navigate
> grunt

[4mRunning "jshint:files" (jshint) task[24m
[32m>> [39m7 files lint free.

[4mRunning "concat:bower_js" (concat) task[24m
File public/javascripts/lib.min.js created.

[4mRunning "concat:bower_css" (concat) task[24m
File public/stylesheets/lib.min.css created.

[4mRunning "uglify:dist" (uglify) task[24m
[32m>> [39m1 sourcemap created.
[32m>> [39m1 file created.

[32mDone, without errors.[39m

> myapp@0.0.0 start /home/ubuntu/WebTech-Navigate
> NODE_ENV=production node ./bin/www

[0mGET / [32m200 [0m435.322 ms - 1377[0m
[0mGET /stylesheets/lib.min.css [32m200 [0m4.748 ms - 520489[0m
[0mGET /javascripts/lib.min.js [32m200 [0m1.345 ms - 495641[0m
[0mGET /javascripts/app.min.js [32m200 [0m0.728 ms - 1428[0m
[0mGET /components/home/index [32m200 [0m90.570 ms - 880[0m
[0mGET /stylesheets/themes/default/assets/fonts/icons.woff2 [36m304 [0m0.906 ms - -[0m
[0mGET /api/websites [36m304 [0m20.659 ms - -[0m
[0mGET /images/icons/mySQL.jpg [36m304 [0m0.468 ms - -[0m
[0mGET /images/icons/mongodb.jpg [36m304 [0m0.384 ms - -[0m
[0mGET /images/icons/lighttpd.png [36m304 [0m0.754 ms - -[0m
[0mGET /images/icons/nginx.png [36m304 [0m0.367 ms - -[0m
[0mGET /images/icons/apache.jpg [36m304 [0m0.969 ms - -[0m
[0mGET /images/icons/angularjs.jpg [36m304 [0m0.463 ms - -[0m
[0mGET /images/icons/bootstrap.jpg [36m304 [0m10.087 ms - -[0m
[0mGET /images/icons/grunt.jpg [36m304 [0m0.686 ms - -[0m
[0mGET /images/icons/semantic.png [36m304 [0m0.619 ms - -[0m
[0mGET /images/icons/git.png [36m304 [0m0.371 ms - -[0m
[0mGET /images/icons/nodejs.png [36m304 [0m0.388 ms - -[0m
[0mGET /images/icons/ror.jpg [36m304 [0m0.356 ms - -[0m
[0mGET /images/icons/webpy.png [36m304 [0m0.387 ms - -[0m
[0mGET /images/icons/django.jpg [36m304 [0m0.277 ms - -[0m
[0mGET / [32m200 [0m0.661 ms - 1377[0m
[0mGET /javascripts/lib.min.js [36m304 [0m0.549 ms - -[0m
[0mGET /stylesheets/lib.min.css [36m304 [0m0.701 ms - -[0m
[0mGET /javascripts/app.min.js [36m304 [0m0.893 ms - -[0m
[0mGET /components/home/index [32m200 [0m0.658 ms - 880[0m
[0mGET /stylesheets/themes/default/assets/fonts/icons.woff2 [36m304 [0m2.432 ms - -[0m
[0mGET /api/websites [36m304 [0m2.983 ms - -[0m
[0mGET /images/icons/mySQL.jpg [36m304 [0m0.736 ms - -[0m
[0mGET /images/icons/mongodb.jpg [36m304 [0m0.218 ms - -[0m
[0mGET /images/icons/lighttpd.png [36m304 [0m0.631 ms - -[0m
[0mGET /images/icons/apache.jpg [36m304 [0m0.316 ms - -[0m
[0mGET /images/icons/angularjs.jpg [36m304 [0m0.652 ms - -[0m
[0mGET /images/icons/nginx.png [36m304 [0m0.557 ms - -[0m
[0mGET /images/icons/bootstrap.jpg [36m304 [0m0.619 ms - -[0m
[0mGET /images/icons/semantic.png [36m304 [0m0.227 ms - -[0m
[0mGET /images/icons/grunt.jpg [36m304 [0m0.219 ms - -[0m
[0mGET /images/icons/nodejs.png [36m304 [0m0.196 ms - -[0m
[0mGET /images/icons/ror.jpg [36m304 [0m0.501 ms - -[0m
[0mGET /images/icons/git.png [36m304 [0m0.303 ms - -[0m
[0mGET /images/icons/webpy.png [36m304 [0m0.217 ms - -[0m
[0mGET /images/icons/django.jpg [36m304 [0m0.210 ms - -[0m
[0mGET / [32m200 [0m1.386 ms - 1377[0m
[0mGET /stylesheets/lib.min.css [36m304 [0m0.381 ms - -[0m
[0mGET /javascripts/lib.min.js [36m304 [0m0.345 ms - -[0m
[0mGET /javascripts/app.min.js [36m304 [0m0.227 ms - -[0m
[0mGET /components/home/index [32m200 [0m0.572 ms - 880[0m
[0mGET /stylesheets/themes/default/assets/fonts/icons.woff2 [36m304 [0m0.340 ms - -[0m
[0mGET /api/websites [36m304 [0m3.785 ms - -[0m
[0mGET /images/icons/mySQL.jpg [36m304 [0m0.312 ms - -[0m
[0mGET /images/icons/mongodb.jpg [36m304 [0m0.254 ms - -[0m
[0mGET /images/icons/lighttpd.png [36m304 [0m0.263 ms - -[0m
[0mGET /images/icons/nginx.png [36m304 [0m0.195 ms - -[0m
[0mGET /images/icons/apache.jpg [36m304 [0m0.376 ms - -[0m
[0mGET /images/icons/angularjs.jpg [36m304 [0m0.217 ms - -[0m
[0mGET /images/icons/bootstrap.jpg [36m304 [0m0.224 ms - -[0m
[0mGET /images/icons/semantic.png [36m304 [0m0.246 ms - -[0m
[0mGET /images/icons/grunt.jpg [36m304 [0m0.932 ms - -[0m
[0mGET /images/icons/git.png [36m304 [0m0.932 ms - -[0m
[0mGET /images/icons/nodejs.png [36m304 [0m1.005 ms - -[0m
[0mGET /images/icons/ror.jpg [36m304 [0m0.249 ms - -[0m
[0mGET /images/icons/webpy.png [36m304 [0m0.205 ms - -[0m
[0mGET /images/icons/django.jpg [36m304 [0m0.402 ms - -[0m
